android/app/build/outputs/logs/manifest-merger-debug-report.txt
-- Merging decision tree log ---
manifest
ADDED from src\main\AndroidManifest.xml:1:1-44:12
INJECTED from src\main\AndroidManifest.xml:1:1-44:12
INJECTED from src\main\AndroidManifest.xml:1:1-44:12
INJECTED from src\main\AndroidManifest.xml:1:1-44:12
MERGED from src\main\AndroidManifest.xml:1:1-44:12
MERGED from [:firebase_auth] AndroidManifest.xml:2:1-15:12
MERGED from [:firebase_core] AndroidManifest.xml:2:1-15:12
MERGED from [:image_picker] AndroidManifest.xml:2:1-19:12
MERGED from [:flutter_plugin_android_lifecycle] AndroidManifest.xml:2:1-7:12
MERGED from [:shared_preferences] AndroidManifest.xml:2:1-7:12
MERGED from [:admob_flutter] AndroidManifest.xml:2:1-9:12
MERGED from [:google_sign_in] AndroidManifest.xml:2:1-9:12
MERGED from [com.google.firebase:firebase-auth:21.0.1] AndroidManifest.xml:17:1-83:12
MERGED from [com.google.firebase:firebase-auth-interop:20.0.0] AndroidManifest.xml:2:1-10:12
MERGED from [com.google.firebase:firebase-ads:19.1.0] AndroidManifest.xml:2:1-9:12
MERGED from [com.google.firebase:firebase-analytics:19.0.0] AndroidManifest.xml:2:1-9:12
MERGED from [com.google.android.gms:play-services-measurement-api:19.0.0] AndroidManifest.xml:17:1-36:12
MERGED from [com.google.firebase:firebase-installations:17.0.0] AndroidManifest.xml:2:1-24:12
MERGED from [com.google.firebase:firebase-common:20.0.0] AndroidManifest.xml:15:1-40:12
MERGED from [androidx.exifinterface:exifinterface:1.3.0] AndroidManifest.xml:17:1-24:12
MERGED from [com.google.android.gms:play-services-auth:16.0.1] AndroidManifest.xml:17:1-39:12
MERGED from [com.google.android.gms:play-services-auth-base:16.0.0] AndroidManifest.xml:2:1-7:12
MERGED from [com.google.android.gms:play-services-auth-api-phone:17.4.0] AndroidManifest.xml:2:1-7:12
MERGED from [com.google.android.gms:play-services-safetynet:17.0.0] AndroidManifest.xml:17:1-24:12
MERGED from [com.google.android.gms:play-services-base:17.1.0] AndroidManifest.xml:17:1-29:12
MERGED from [com.google.android.gms:play-services-ads:19.1.0] AndroidManifest.xml:17:1-25:12
MERGED from [com.google.android.gms:play-services-gass:19.1.0] AndroidManifest.xml:2:1-9:12
MERGED from [com.google.firebase:firebase-installations-interop:17.0.0] AndroidManifest.xml:15:1-23:12
MERGED from [com.google.android.gms:play-services-tasks:17.0.0] AndroidManifest.xml:2:1-9:12
MERGED from [com.google.android.gms:play-services-measurement:19.0.0] AndroidManifest.xml:17:1-46:12
MERGED from [com.google.android.gms:play-services-measurement-sdk:19.0.0] AndroidManifest.xml:17:1-25:12
MERGED from [com.google.android.gms:play-services-measurement-impl:19.0.0] AndroidManifest.xml:17:1-31:12
MERGED from [com.google.android.gms:play-services-ads-identifier:17.0.0] AndroidManifest.xml:17:1-24:12
MERGED from [com.google.android.gms:play-services-ads-lite:19.1.0] AndroidManifest.xml:17:1-42:12
MERGED from [com.google.android.gms:play-services-measurement-sdk-api:19.0.0] AndroidManifest.xml:17:1-27:12
MERGED from [com.google.android.gms:play-services-measurement-base:19.0.0] AndroidManifest.xml:2:1-9:12
MERGED from [com.google.android.gms:play-services-stats:17.0.0] AndroidManifest.xml:2:1-9:12
MERGED from [com.google.firebase:firebase-measurement-connector:19.0.0] AndroidManifest.xml:17:1-25:12
MERGED from [com.google.android.gms:play-services-basement:17.1.0] AndroidManifest.xml:17:1-28:12
MERGED from [androidx.fragment:fragment:1.1.0] AndroidManifest.xml:17:1-24:12
MERGED from [androidx.browser:browser:1.0.0] AndroidManifest.xml:17:1-22:12
MERGED from [androidx.legacy:legacy-support-core-ui:1.0.0] AndroidManifest.xml:17:1-22:12
MERGED from [androidx.viewpager:viewpager:1.0.0] AndroidManifest.xml:17:1-22:12
MERGED from [androidx.legacy:legacy-support-core-utils:1.0.0] AndroidManifest.xml:17:1-22:12
MERGED from [androidx.loader:loader:1.0.0] AndroidManifest.xml:17:1-22:12
MERGED from [androidx.activity:activity:1.0.0] AndroidManifest.xml:17:1-24:12
MERGED from [androidx.coordinatorlayout:coordinatorlayout:1.0.0] AndroidManifest.xml:17:1-22:12
MERGED from [androidx.drawerlayout:drawerlayout:1.0.0] AndroidManifest.xml:17:1-22:12
MERGED from [androidx.slidingpanelayout:slidingpanelayout:1.0.0] AndroidManifest.xml:17:1-22:12
MERGED from [androidx.customview:customview:1.0.0] AndroidManifest.xml:17:1-22:12
MERGED from [androidx.swiperefreshlayout:swiperefreshlayout:1.0.0] AndroidManifest.xml:17:1-22:12
MERGED from [androidx.asynclayoutinflater:asynclayoutinflater:1.0.0] AndroidManifest.xml:17:1-22:12
MERGED from [androidx.core:core:1.1.0] AndroidManifest.xml:17:1-26:12
MERGED from [androidx.lifecycle:lifecycle-runtime:2.2.0] AndroidManifest.xml:17:1-24:12
MERGED from [androidx.savedstate:savedstate:1.0.0] AndroidManifest.xml:17:1-24:12
MERGED from [androidx.lifecycle:lifecycle-livedata:2.0.0] AndroidManifest.xml:17:1-22:12
MERGED from [androidx.lifecycle:lifecycle-livedata-core:2.0.0] AndroidManifest.xml:17:1-22:12
MERGED from [androidx.localbroadcastmanager:localbroadcastmanager:1.0.0] AndroidManifest.xml:17:1-22:12
MERGED from [com.google.firebase:firebase-components:17.0.0] AndroidManifest.xml:15:1-23:12
MERGED from [androidx.arch.core:core-runtime:2.0.0] AndroidManifest.xml:17:1-22:12
MERGED from [androidx.versionedparcelable:versionedparcelable:1.1.0] AndroidManifest.xml:17:1-27:12
MERGED from [androidx.interpolator:interpolator:1.0.0] AndroidManifest.xml:17:1-22:12
MERGED from [androidx.lifecycle:lifecycle-viewmodel:2.1.0] AndroidManifest.xml:17:1-22:12
MERGED from [androidx.cursoradapter:cursoradapter:1.0.0] AndroidManifest.xml:17:1-22:12
MERGED from [androidx.documentfile:documentfile:1.0.0] AndroidManifest.xml:17:1-22:12
MERGED from [androidx.print:print:1.0.0] AndroidManifest.xml:17:1-22:12
MERGED from [com.google.android.gms:play-services-ads-base:19.1.0] AndroidManifest.xml:2:1-9:12
INJECTED from src\debug\AndroidManifest.xml:1:1-7:12
INJECTED from src\debug\AndroidManifest.xml:1:1-7:12
INJECTED from src\debug\AndroidManifest.xml:1:1-7:12
	package
		ADDED from src\main\AndroidManifest.xml:2:5-46
		INJECTED from src\main\AndroidManifest.xml
		INJECTED from src\debug\AndroidManifest.xml
	android:versionName
		INJECTED from src\main\AndroidManifest.xml
		ADDED from src\main\AndroidManifest.xml:1:1-44:12
		INJECTED from src\debug\AndroidManifest.xml
	android:versionCode
		INJECTED from src\main\AndroidManifest.xml
		ADDED from src\main\AndroidManifest.xml:1:1-44:12
		INJECTED from src\debug\AndroidManifest.xml
	xmlns:android
		ADDED from src\main\AndroidManifest.xml:1:11-69
application
ADDED from src\main\AndroidManifest.xml:3:4-43:19
MERGED from [:firebase_auth] AndroidManifest.xml:7:5-13:19
MERGED from [:firebase_auth] AndroidManifest.xml:7:5-13:19
MERGED from [:firebase_core] AndroidManifest.xml:7:5-13:19
MERGED from [:firebase_core] AndroidManifest.xml:7:5-13:19
MERGED from [:image_picker] AndroidManifest.xml:7:5-17:19
MERGED from [:image_picker] AndroidManifest.xml:7:5-17:19
MERGED from [com.google.firebase:firebase-auth:21.0.1] AndroidManifest.xml:26:5-81:19
MERGED from [com.google.firebase:firebase-auth:21.0.1] AndroidManifest.xml:26:5-81:19
MERGED from [com.google.firebase:firebase-auth-interop:20.0.0] AndroidManifest.xml:7:5-8:19
MERGED from [com.google.firebase:firebase-auth-interop:20.0.0] AndroidManifest.xml:7:5-8:19
MERGED from [com.google.firebase:firebase-ads:19.1.0] AndroidManifest.xml:7:5-20
MERGED from [com.google.firebase:firebase-ads:19.1.0] AndroidManifest.xml:7:5-20
MERGED from [com.google.firebase:firebase-analytics:19.0.0] AndroidManifest.xml:7:5-20
MERGED from [com.google.firebase:firebase-analytics:19.0.0] AndroidManifest.xml:7:5-20
MERGED from [com.google.android.gms:play-services-measurement-api:19.0.0] AndroidManifest.xml:26:5-34:19
MERGED from [com.google.android.gms:play-services-measurement-api:19.0.0] AndroidManifest.xml:26:5-34:19
MERGED from [com.google.firebase:firebase-installations:17.0.0] AndroidManifest.xml:14:5-22:19
MERGED from [com.google.firebase:firebase-installations:17.0.0] AndroidManifest.xml:14:5-22:19
MERGED from [com.google.firebase:firebase-common:20.0.0] AndroidManifest.xml:25:5-38:19
MERGED from [com.google.firebase:firebase-common:20.0.0] AndroidManifest.xml:25:5-38:19
MERGED from [com.google.android.gms:play-services-auth:16.0.1] AndroidManifest.xml:22:5-37:19
MERGED from [com.google.android.gms:play-services-auth:16.0.1] AndroidManifest.xml:22:5-37:19
MERGED from [com.google.android.gms:play-services-safetynet:17.0.0] AndroidManifest.xml:22:5-20
MERGED from [com.google.android.gms:play-services-safetynet:17.0.0] AndroidManifest.xml:22:5-20
MERGED from [com.google.android.gms:play-services-base:17.1.0] AndroidManifest.xml:22:5-27:19
MERGED from [com.google.android.gms:play-services-base:17.1.0] AndroidManifest.xml:22:5-27:19
MERGED from [com.google.android.gms:play-services-gass:19.1.0] AndroidManifest.xml:7:5-20
MERGED from [com.google.android.gms:play-services-gass:19.1.0] AndroidManifest.xml:7:5-20
MERGED from [com.google.android.gms:play-services-tasks:17.0.0] AndroidManifest.xml:7:5-20
MERGED from [com.google.android.gms:play-services-tasks:17.0.0] AndroidManifest.xml:7:5-20
MERGED from [com.google.android.gms:play-services-measurement:19.0.0] AndroidManifest.xml:28:5-44:19
MERGED from [com.google.android.gms:play-services-measurement:19.0.0] AndroidManifest.xml:28:5-44:19
MERGED from [com.google.android.gms:play-services-measurement-sdk:19.0.0] AndroidManifest.xml:22:5-23:19
MERGED from [com.google.android.gms:play-services-measurement-sdk:19.0.0] AndroidManifest.xml:22:5-23:19
MERGED from [com.google.android.gms:play-services-measurement-impl:19.0.0] AndroidManifest.xml:28:5-29:19
MERGED from [com.google.android.gms:play-services-measurement-impl:19.0.0] AndroidManifest.xml:28:5-29:19
MERGED from [com.google.android.gms:play-services-ads-identifier:17.0.0] AndroidManifest.xml:22:5-20
MERGED from [com.google.android.gms:play-services-ads-identifier:17.0.0] AndroidManifest.xml:22:5-20
MERGED from [com.google.android.gms:play-services-ads-lite:19.1.0] AndroidManifest.xml:26:5-40:19
MERGED from [com.google.android.gms:play-services-ads-lite:19.1.0] AndroidManifest.xml:26:5-40:19
MERGED from [com.google.android.gms:play-services-measurement-base:19.0.0] AndroidManifest.xml:7:5-20
MERGED from [com.google.android.gms:play-services-measurement-base:19.0.0] AndroidManifest.xml:7:5-20
MERGED from [com.google.android.gms:play-services-stats:17.0.0] AndroidManifest.xml:7:5-20
MERGED from [com.google.android.gms:play-services-stats:17.0.0] AndroidManifest.xml:7:5-20
MERGED from [com.google.firebase:firebase-measurement-connector:19.0.0] AndroidManifest.xml:22:5-23:19
MERGED from [com.google.firebase:firebase-measurement-connector:19.0.0] AndroidManifest.xml:22:5-23:19
MERGED from [com.google.android.gms:play-services-basement:17.1.0] AndroidManifest.xml:22:5-26:19
MERGED from [com.google.android.gms:play-services-basement:17.1.0] AndroidManifest.xml:22:5-26:19
MERGED from [androidx.core:core:1.1.0] AndroidManifest.xml:24:5-89
MERGED from [androidx.core:core:1.1.0] AndroidManifest.xml:24:5-89
MERGED from [androidx.versionedparcelable:versionedparcelable:1.1.0] AndroidManifest.xml:24:5-25:19
MERGED from [androidx.versionedparcelable:versionedparcelable:1.1.0] AndroidManifest.xml:24:5-25:19
MERGED from [com.google.android.gms:play-services-ads-base:19.1.0] AndroidManifest.xml:7:5-20
MERGED from [com.google.android.gms:play-services-ads-base:19.1.0] AndroidManifest.xml:7:5-20
	android:appComponentFactory
		ADDED from [androidx.core:core:1.1.0] AndroidManifest.xml:24:18-86
	android:label
		ADDED from src\main\AndroidManifest.xml:4:9-39
	android:icon
		ADDED from src\main\AndroidManifest.xml:5:9-43
meta-data#com.google.android.gms.ads.APPLICATION_ID
ADDED from src\main\AndroidManifest.xml:6:9-8:67
	android:value
		ADDED from src\main\AndroidManifest.xml:8:11-65
	android:name
		ADDED from src\main\AndroidManifest.xml:7:11-67
activity#com.syslabcolima.colecciona_app.MainActivity
ADDED from src\main\AndroidManifest.xml:9:9-37:20
	android:launchMode
		ADDED from src\main\AndroidManifest.xml:11:13-43
	android:hardwareAccelerated
		ADDED from src\main\AndroidManifest.xml:14:13-47
	android:windowSoftInputMode
		ADDED from src\main\AndroidManifest.xml:15:13-55
	android:configChanges
		ADDED from src\main\AndroidManifest.xml:13:13-163
	android:theme
		ADDED from src\main\AndroidManifest.xml:12:13-47
	android:name
		ADDED from src\main\AndroidManifest.xml:10:13-41
meta-data#io.flutter.embedding.android.NormalTheme
ADDED from src\main\AndroidManifest.xml:20:13-23:17
	android:resource
		ADDED from src\main\AndroidManifest.xml:22:15-52
	android:name
		ADDED from src\main\AndroidManifest.xml:21:15-70
meta-data#io.flutter.embedding.android.SplashScreenDrawable
ADDED from src\main\AndroidManifest.xml:29:13-32:17
	android:resource
		ADDED from src\main\AndroidManifest.xml:31:15-61
	android:name
		ADDED from src\main\AndroidManifest.xml:30:15-79
intent-filter#action:name:android.intent.action.MAIN+category:name:android.intent.category.LAUNCHER
ADDED from src\main\AndroidManifest.xml:33:13-36:29
action#android.intent.action.MAIN
ADDED from src\main\AndroidManifest.xml:34:17-68
	android:name
		ADDED from src\main\AndroidManifest.xml:34:25-66
category#android.intent.category.LAUNCHER
ADDED from src\main\AndroidManifest.xml:35:17-76
	android:name
		ADDED from src\main\AndroidManifest.xml:35:27-74
meta-data#flutterEmbedding
ADDED from src\main\AndroidManifest.xml:40:9-42:33
	android:value
		ADDED from src\main\AndroidManifest.xml:42:13-30
	android:name
		ADDED from src\main\AndroidManifest.xml:41:13-44
uses-sdk
INJECTED from src\main\AndroidManifest.xml reason: use-sdk injection requested
INJECTED from src\main\AndroidManifest.xml
INJECTED from src\main\AndroidManifest.xml
MERGED from [:firebase_auth] AndroidManifest.xml:5:5-44
MERGED from [:firebase_auth] AndroidManifest.xml:5:5-44
MERGED from [:firebase_core] AndroidManifest.xml:5:5-44
MERGED from [:firebase_core] AndroidManifest.xml:5:5-44
MERGED from [:image_picker] AndroidManifest.xml:5:5-44
MERGED from [:image_picker] AndroidManifest.xml:5:5-44
MERGED from [:flutter_plugin_android_lifecycle] AndroidManifest.xml:5:5-44
MERGED from [:flutter_plugin_android_lifecycle] AndroidManifest.xml:5:5-44
MERGED from [:shared_preferences] AndroidManifest.xml:5:5-44
MERGED from [:shared_preferences] AndroidManifest.xml:5:5-44
MERGED from [:admob_flutter] AndroidManifest.xml:5:5-44
MERGED from [:admob_flutter] AndroidManifest.xml:5:5-44
MERGED from [:google_sign_in] AndroidManifest.xml:5:5-44
MERGED from [:google_sign_in] AndroidManifest.xml:5:5-44
MERGED from [com.google.firebase:firebase-auth:21.0.1] AndroidManifest.xml:21:5-44
MERGED from [com.google.firebase:firebase-auth:21.0.1] AndroidManifest.xml:21:5-44
MERGED from [com.google.firebase:firebase-auth-interop:20.0.0] AndroidManifest.xml:5:5-44
MERGED from [com.google.firebase:firebase-auth-interop:20.0.0] AndroidManifest.xml:5:5-44
MERGED from [com.google.firebase:firebase-ads:19.1.0] AndroidManifest.xml:5:5-44
MERGED from [com.google.firebase:firebase-ads:19.1.0] AndroidManifest.xml:5:5-44
MERGED from [com.google.firebase:firebase-analytics:19.0.0] AndroidManifest.xml:5:5-44
MERGED from [com.google.firebase:firebase-analytics:19.0.0] AndroidManifest.xml:5:5-44
MERGED from [com.google.android.gms:play-services-measurement-api:19.0.0] AndroidManifest.xml:20:5-44
MERGED from [com.google.android.gms:play-services-measurement-api:19.0.0] AndroidManifest.xml:20:5-44
MERGED from [com.google.firebase:firebase-installations:17.0.0] AndroidManifest.xml:6:5-8:41
MERGED from [com.google.firebase:firebase-installations:17.0.0] AndroidManifest.xml:6:5-8:41
MERGED from [com.google.firebase:firebase-common:20.0.0] AndroidManifest.xml:20:5-22:41
MERGED from [com.google.firebase:firebase-common:20.0.0] AndroidManifest.xml:20:5-22:41
MERGED from [androidx.exifinterface:exifinterface:1.3.0] AndroidManifest.xml:20:5-22:41
MERGED from [androidx.exifinterface:exifinterface:1.3.0] AndroidManifest.xml:20:5-22:41
MERGED from [com.google.android.gms:play-services-auth:16.0.1] AndroidManifest.xml:20:5-44
MERGED from [com.google.android.gms:play-services-auth:16.0.1] AndroidManifest.xml:20:5-44
MERGED from [com.google.android.gms:play-services-auth-base:16.0.0] AndroidManifest.xml:5:5-44
MERGED from [com.google.android.gms:play-services-auth-base:16.0.0] AndroidManifest.xml:5:5-44
MERGED from [com.google.android.gms:play-services-auth-api-phone:17.4.0] AndroidManifest.xml:5:5-44
MERGED from [com.google.android.gms:play-services-auth-api-phone:17.4.0] AndroidManifest.xml:5:5-44
MERGED from [com.google.android.gms:play-services-safetynet:17.0.0] AndroidManifest.xml:20:5-44
MERGED from [com.google.android.gms:play-services-safetynet:17.0.0] AndroidManifest.xml:20:5-44
MERGED from [com.google.android.gms:play-services-base:17.1.0] AndroidManifest.xml:20:5-44
MERGED from [com.google.android.gms:play-services-base:17.1.0] AndroidManifest.xml:20:5-44
MERGED from [com.google.android.gms:play-services-ads:19.1.0] AndroidManifest.xml:21:5-23:52
MERGED from [com.google.android.gms:play-services-ads:19.1.0] AndroidManifest.xml:21:5-23:52
MERGED from [com.google.android.gms:play-services-gass:19.1.0] AndroidManifest.xml:5:5-44
MERGED from [com.google.android.gms:play-services-gass:19.1.0] AndroidManifest.xml:5:5-44
MERGED from [com.google.firebase:firebase-installations-interop:17.0.0] AndroidManifest.xml:19:5-21:41
MERGED from [com.google.firebase:firebase-installations-interop:17.0.0] AndroidManifest.xml:19:5-21:41
MERGED from [com.google.android.gms:play-services-tasks:17.0.0] AndroidManifest.xml:5:5-44
MERGED from [com.google.android.gms:play-services-tasks:17.0.0] AndroidManifest.xml:5:5-44
MERGED from [com.google.android.gms:play-services-measurement:19.0.0] AndroidManifest.xml:20:5-44
MERGED from [com.google.android.gms:play-services-measurement:19.0.0] AndroidManifest.xml:20:5-44
MERGED from [com.google.android.gms:play-services-measurement-sdk:19.0.0] AndroidManifest.xml:20:5-44
MERGED from [com.google.android.gms:play-services-measurement-sdk:19.0.0] AndroidManifest.xml:20:5-44
MERGED from [com.google.android.gms:play-services-measurement-impl:19.0.0] AndroidManifest.xml:20:5-44
MERGED from [com.google.android.gms:play-services-measurement-impl:19.0.0] AndroidManifest.xml:20:5-44
MERGED from [com.google.android.gms:play-services-ads-identifier:17.0.0] AndroidManifest.xml:20:5-44
MERGED from [com.google.android.gms:play-services-ads-identifier:17.0.0] AndroidManifest.xml:20:5-44
MERGED from [com.google.android.gms:play-services-ads-lite:19.1.0] AndroidManifest.xml:20:5-44
MERGED from [com.google.android.gms:play-services-ads-lite:19.1.0] AndroidManifest.xml:20:5-44
MERGED from [com.google.android.gms:play-services-measurement-sdk-api:19.0.0] AndroidManifest.xml:20:5-44
MERGED from [com.google.android.gms:play-services-measurement-sdk-api:19.0.0] AndroidManifest.xml:20:5-44
MERGED from [com.google.android.gms:play-services-measurement-base:19.0.0] AndroidManifest.xml:5:5-44
MERGED from [com.google.android.gms:play-services-measurement-base:19.0.0] AndroidManifest.xml:5:5-44
MERGED from [com.google.android.gms:play-services-stats:17.0.0] AndroidManifest.xml:5:5-44
MERGED from [com.google.android.gms:play-services-stats:17.0.0] AndroidManifest.xml:5:5-44
MERGED from [com.google.firebase:firebase-measurement-connector:19.0.0] AndroidManifest.xml:20:5-44
MERGED from [com.google.firebase:firebase-measurement-connector:19.0.0] AndroidManifest.xml:20:5-44
MERGED from [com.google.android.gms:play-services-basement:17.1.0] AndroidManifest.xml:20:5-44
MERGED from [com.google.android.gms:play-services-basement:17.1.0] AndroidManifest.xml:20:5-44
MERGED from [androidx.fragment:fragment:1.1.0] AndroidManifest.xml:20:5-22:41
MERGED from [androidx.fragment:fragment:1.1.0] AndroidManifest.xml:20:5-22:41
MERGED from [androidx.browser:browser:1.0.0] AndroidManifest.xml:20:5-44
MERGED from [androidx.browser:browser:1.0.0] AndroidManifest.xml:20:5-44
MERGED from [androidx.legacy:legacy-support-core-ui:1.0.0] AndroidManifest.xml:20:5-44
MERGED from [androidx.legacy:legacy-support-core-ui:1.0.0] AndroidManifest.xml:20:5-44
MERGED from [androidx.viewpager:viewpager:1.0.0] AndroidManifest.xml:20:5-44
MERGED from [androidx.viewpager:viewpager:1.0.0] AndroidManifest.xml:20:5-44
MERGED from [androidx.legacy:legacy-support-core-utils:1.0.0] AndroidManifest.xml:20:5-44
MERGED from [androidx.legacy:legacy-support-core-utils:1.0.0] AndroidManifest.xml:20:5-44
MERGED from [androidx.loader:loader:1.0.0] AndroidManifest.xml:20:5-44
MERGED from [androidx.loader:loader:1.0.0] AndroidManifest.xml:20:5-44
MERGED from [androidx.activity:activity:1.0.0] AndroidManifest.xml:20:5-22:41
MERGED from [androidx.activity:activity:1.0.0] AndroidManifest.xml:20:5-22:41
MERGED from [androidx.coordinatorlayout:coordinatorlayout:1.0.0] AndroidManifest.xml:20:5-44
MERGED from [androidx.coordinatorlayout:coordinatorlayout:1.0.0] AndroidManifest.xml:20:5-44
MERGED from [androidx.drawerlayout:drawerlayout:1.0.0] AndroidManifest.xml:20:5-44
MERGED from [androidx.drawerlayout:drawerlayout:1.0.0] AndroidManifest.xml:20:5-44
MERGED from [androidx.slidingpanelayout:slidingpanelayout:1.0.0] AndroidManifest.xml:20:5-44
MERGED from [androidx.slidingpanelayout:slidingpanelayout:1.0.0] AndroidManifest.xml:20:5-44
MERGED from [androidx.customview:customview:1.0.0] AndroidManifest.xml:20:5-44
MERGED from [androidx.customview:customview:1.0.0] AndroidManifest.xml:20:5-44
MERGED from [androidx.swiperefreshlayout:swiperefreshlayout:1.0.0] AndroidManifest.xml:20:5-44
MERGED from [androidx.swiperefreshlayout:swiperefreshlayout:1.0.0] AndroidManifest.xml:20:5-44
MERGED from [androidx.asynclayoutinflater:asynclayoutinflater:1.0.0] AndroidManifest.xml:20:5-44
MERGED from [androidx.asynclayoutinflater:asynclayoutinflater:1.0.0] AndroidManifest.xml:20:5-44
MERGED from [androidx.core:core:1.1.0] AndroidManifest.xml:20:5-22:41
MERGED from [androidx.core:core:1.1.0] AndroidManifest.xml:20:5-22:41
MERGED from [androidx.lifecycle:lifecycle-runtime:2.2.0] AndroidManifest.xml:20:5-22:41
MERGED from [androidx.lifecycle:lifecycle-runtime:2.2.0] AndroidManifest.xml:20:5-22:41
MERGED from [androidx.savedstate:savedstate:1.0.0] AndroidManifest.xml:20:5-22:41
MERGED from [androidx.savedstate:savedstate:1.0.0] AndroidManifest.xml:20:5-22:41
MERGED from [androidx.lifecycle:lifecycle-livedata:2.0.0] AndroidManifest.xml:20:5-44
MERGED from [androidx.lifecycle:lifecycle-livedata:2.0.0] AndroidManifest.xml:20:5-44
MERGED from [androidx.lifecycle:lifecycle-livedata-core:2.0.0] AndroidManifest.xml:20:5-44
MERGED from [androidx.lifecycle:lifecycle-livedata-core:2.0.0] AndroidManifest.xml:20:5-44
MERGED from [androidx.localbroadcastmanager:localbroadcastmanager:1.0.0] AndroidManifest.xml:20:5-44
MERGED from [androidx.localbroadcastmanager:localbroadcastmanager:1.0.0] AndroidManifest.xml:20:5-44
MERGED from [com.google.firebase:firebase-components:17.0.0] AndroidManifest.xml:19:5-21:41
MERGED from [com.google.firebase:firebase-components:17.0.0] AndroidManifest.xml:19:5-21:41
MERGED from [androidx.arch.core:core-runtime:2.0.0] AndroidManifest.xml:20:5-44
MERGED from [androidx.arch.core:core-runtime:2.0.0] AndroidManifest.xml:20:5-44
MERGED from [androidx.versionedparcelable:versionedparcelable:1.1.0] AndroidManifest.xml:20:5-22:41
MERGED from [androidx.versionedparcelable:versionedparcelable:1.1.0] AndroidManifest.xml:20:5-22:41
MERGED from [androidx.interpolator:interpolator:1.0.0] AndroidManifest.xml:20:5-44
MERGED from [androidx.interpolator:interpolator:1.0.0] AndroidManifest.xml:20:5-44
MERGED from [androidx.lifecycle:lifecycle-viewmodel:2.1.0] AndroidManifest.xml:20:5-44
MERGED from [androidx.lifecycle:lifecycle-viewmodel:2.1.0] AndroidManifest.xml:20:5-44
MERGED from [androidx.cursoradapter:cursoradapter:1.0.0] AndroidManifest.xml:20:5-44
MERGED from [androidx.cursoradapter:cursoradapter:1.0.0] AndroidManifest.xml:20:5-44
MERGED from [androidx.documentfile:documentfile:1.0.0] AndroidManifest.xml:20:5-44
MERGED from [androidx.documentfile:documentfile:1.0.0] AndroidManifest.xml:20:5-44
MERGED from [androidx.print:print:1.0.0] AndroidManifest.xml:20:5-44
MERGED from [androidx.print:print:1.0.0] AndroidManifest.xml:20:5-44
MERGED from [com.google.android.gms:play-services-ads-base:19.1.0] AndroidManifest.xml:5:5-44
MERGED from [com.google.android.gms:play-services-ads-base:19.1.0] AndroidManifest.xml:5:5-44
INJECTED from src\debug\AndroidManifest.xml
INJECTED from src\debug\AndroidManifest.xml
	tools:overrideLibrary
		ADDED from [com.google.android.gms:play-services-ads:19.1.0] AndroidManifest.xml:23:9-49
	android:targetSdkVersion
		INJECTED from src\main\AndroidManifest.xml
		INJECTED from src\debug\AndroidManifest.xml
	android:minSdkVersion
		INJECTED from src\main\AndroidManifest.xml
		INJECTED from src\debug\AndroidManifest.xml
uses-permission#android.permission.INTERNET
ADDED from src\debug\AndroidManifest.xml:6:5-66
MERGED from [:admob_flutter] AndroidManifest.xml:7:5-67
MERGED from [:admob_flutter] AndroidManifest.xml:7:5-67
MERGED from [:google_sign_in] AndroidManifest.xml:7:5-67
MERGED from [:google_sign_in] AndroidManifest.xml:7:5-67
MERGED from [com.google.firebase:firebase-auth:21.0.1] AndroidManifest.xml:23:5-67
MERGED from [com.google.firebase:firebase-auth:21.0.1] AndroidManifest.xml:23:5-67
MERGED from [com.google.android.gms:play-services-measurement-api:19.0.0] AndroidManifest.xml:22:5-67
MERGED from [com.google.android.gms:play-services-measurement-api:19.0.0] AndroidManifest.xml:22:5-67
MERGED from [com.google.firebase:firebase-installations:17.0.0] AndroidManifest.xml:11:5-67
MERGED from [com.google.firebase:firebase-installations:17.0.0] AndroidManifest.xml:11:5-67
MERGED from [com.google.android.gms:play-services-measurement:19.0.0] AndroidManifest.xml:23:5-67
MERGED from [com.google.android.gms:play-services-measurement:19.0.0] AndroidManifest.xml:23:5-67
MERGED from [com.google.android.gms:play-services-measurement-impl:19.0.0] AndroidManifest.xml:23:5-67
MERGED from [com.google.android.gms:play-services-measurement-impl:19.0.0] AndroidManifest.xml:23:5-67
MERGED from [com.google.android.gms:play-services-ads-lite:19.1.0] AndroidManifest.xml:23:5-67
MERGED from [com.google.android.gms:play-services-ads-lite:19.1.0] AndroidManifest.xml:23:5-67
MERGED from [com.google.android.gms:play-services-measurement-sdk-api:19.0.0] AndroidManifest.xml:23:5-67
MERGED from [com.google.android.gms:play-services-measurement-sdk-api:19.0.0] AndroidManifest.xml:23:5-67
	android:name
		ADDED from src\debug\AndroidManifest.xml:6:22-64
service#com.google.firebase.components.ComponentDiscoveryService
ADDED from [:firebase_auth] AndroidManifest.xml:8:9-12:19
MERGED from [:firebase_core] AndroidManifest.xml:8:9-12:19
MERGED from [:firebase_core] AndroidManifest.xml:8:9-12:19
MERGED from [com.google.firebase:firebase-auth:21.0.1] AndroidManifest.xml:74:9-80:19
MERGED from [com.google.firebase:firebase-auth:21.0.1] AndroidManifest.xml:74:9-80:19
MERGED from [com.google.android.gms:play-services-measurement-api:19.0.0] AndroidManifest.xml:27:9-33:19
MERGED from [com.google.android.gms:play-services-measurement-api:19.0.0] AndroidManifest.xml:27:9-33:19
MERGED from [com.google.firebase:firebase-installations:17.0.0] AndroidManifest.xml:15:9-21:19
MERGED from [com.google.firebase:firebase-installations:17.0.0] AndroidManifest.xml:15:9-21:19
MERGED from [com.google.firebase:firebase-common:20.0.0] AndroidManifest.xml:33:9-37:35
MERGED from [com.google.firebase:firebase-common:20.0.0] AndroidManifest.xml:33:9-37:35
	android:exported
		ADDED from [com.google.firebase:firebase-auth:21.0.1] AndroidManifest.xml:76:13-37
	tools:targetApi
		ADDED from [com.google.firebase:firebase-common:20.0.0] AndroidManifest.xml:37:13-32
	android:directBootAware
		ADDED from [com.google.firebase:firebase-common:20.0.0] AndroidManifest.xml:35:13-43
	android:name
		ADDED from [:firebase_auth] AndroidManifest.xml:8:18-89
meta-data#com.google.firebase.components:io.flutter.plugins.firebase.auth.FlutterFirebaseAuthRegistrar
ADDED from [:firebase_auth] AndroidManifest.xml:9:13-11:85
	android:value
		ADDED from [:firebase_auth] AndroidManifest.xml:11:17-82
	android:name
		ADDED from [:firebase_auth] AndroidManifest.xml:10:17-124
meta-data#com.google.firebase.components:io.flutter.plugins.firebase.core.FlutterFirebaseCoreRegistrar
ADDED from [:firebase_core] AndroidManifest.xml:9:13-11:85
	android:value
		ADDED from [:firebase_core] AndroidManifest.xml:11:17-82
	android:name
		ADDED from [:firebase_core] AndroidManifest.xml:10:17-124
provider#io.flutter.plugins.imagepicker.ImagePickerFileProvider
ADDED from [:image_picker] AndroidManifest.xml:8:9-16:20
	android:grantUriPermissions
		ADDED from [:image_picker] AndroidManifest.xml:12:13-47
	android:authorities
		ADDED from [:image_picker] AndroidManifest.xml:10:13-74
	android:exported
		ADDED from [:image_picker] AndroidManifest.xml:11:13-37
	android:name
		ADDED from [:image_picker] AndroidManifest.xml:9:13-82
meta-data#android.support.FILE_PROVIDER_PATHS
ADDED from [:image_picker] AndroidManifest.xml:13:13-15:75
	android:resource
		ADDED from [:image_picker] AndroidManifest.xml:15:17-72
	android:name
		ADDED from [:image_picker] AndroidManifest.xml:14:17-67
uses-permission#android.permission.ACCESS_NETWORK_STATE
ADDED from [com.google.firebase:firebase-auth:21.0.1] AndroidManifest.xml:24:5-79
MERGED from [com.google.android.gms:play-services-measurement-api:19.0.0] AndroidManifest.xml:23:5-79
MERGED from [com.google.android.gms:play-services-measurement-api:19.0.0] AndroidManifest.xml:23:5-79
MERGED from [com.google.firebase:firebase-installations:17.0.0] AndroidManifest.xml:10:5-79
MERGED from [com.google.firebase:firebase-installations:17.0.0] AndroidManifest.xml:10:5-79
MERGED from [com.google.android.gms:play-services-measurement:19.0.0] AndroidManifest.xml:24:5-79